<testsuites id="" name="" tests="12" failures="8" skipped="0" errors="0" time="20.951876">
<testsuite name="basic-navigation.spec.ts" timestamp="2025-08-21T14:34:13.591Z" hostname="chromium" tests="12" failures="8" skipped="0" time="99.003" errors="0">
<testcase name="Home Page › should load the home page successfully" classname="basic-navigation.spec.ts" time="2.241">
</testcase>
<testcase name="Home Page › should have working navigation" classname="basic-navigation.spec.ts" time="2.241">
</testcase>
<testcase name="Home Page › should be responsive on mobile" classname="basic-navigation.spec.ts" time="0.447">
</testcase>
<testcase name="Authentication Flow › should display auth screen when not logged in" classname="basic-navigation.spec.ts" time="2.265">
</testcase>
<testcase name="Discover Page › should navigate to discover page" classname="basic-navigation.spec.ts" time="11.576">
<failure message="basic-navigation.spec.ts:52:7 should navigate to discover page" type="FAILURE">
<![CDATA[  [chromium] › basic-navigation.spec.ts:52:7 › Discover Page › should navigate to discover page ────

    Error: expect(locator).toBeVisible() failed

    Locator:  locator('main')
    Expected: visible
    Received: <element(s) not found>
    Timeout:  5000ms

    Call log:
      - Expect "toBeVisible" with timeout 5000ms
      - waiting for locator('main')


      58 |     // Should have content sections for movies, events, screenplays
      59 |     const main = page.locator('main');
    > 60 |     await expect(main).toBeVisible();
         |                        ^
      61 |   });
      62 |
      63 |   test('should display content cards', async ({ page }) => {
        at /home/kenneth/Code/filmprojects/events/playwright-tests/basic-navigation.spec.ts:60:24

    attachment #1: screenshot (image/png) ──────────────────────────────────────────────────────────
    ../test-results/basic-navigation-Discover--6ec9e-d-navigate-to-discover-page-chromium/test-failed-1.png
    ────────────────────────────────────────────────────────────────────────────────────────────────

    attachment #2: video (video/webm) ──────────────────────────────────────────────────────────────
    ../test-results/basic-navigation-Discover--6ec9e-d-navigate-to-discover-page-chromium/video.webm
    ────────────────────────────────────────────────────────────────────────────────────────────────

    Error Context: ../test-results/basic-navigation-Discover--6ec9e-d-navigate-to-discover-page-chromium/error-context.md
]]>
</failure>
<system-out>
<![CDATA[
[[ATTACHMENT|../test-results/basic-navigation-Discover--6ec9e-d-navigate-to-discover-page-chromium/test-failed-1.png]]

[[ATTACHMENT|../test-results/basic-navigation-Discover--6ec9e-d-navigate-to-discover-page-chromium/video.webm]]

[[ATTACHMENT|../test-results/basic-navigation-Discover--6ec9e-d-navigate-to-discover-page-chromium/error-context.md]]
]]>
</system-out>
</testcase>
<testcase name="Discover Page › should display content cards" classname="basic-navigation.spec.ts" time="13.24">
<failure message="basic-navigation.spec.ts:63:7 should display content cards" type="FAILURE">
<![CDATA[  [chromium] › basic-navigation.spec.ts:63:7 › Discover Page › should display content cards ────────

    Error: expect(locator).toBeVisible() failed

    Locator:  locator('text=/no.*found/i, text=/empty/i, text=/loading/i').first()
    Expected: visible
    Received: <element(s) not found>
    Timeout:  5000ms

    Call log:
      - Expect "toBeVisible" with timeout 5000ms
      - waiting for locator('text=/no.*found/i, text=/empty/i, text=/loading/i').first()


      79 |       // If no cards, should show empty state or loading
      80 |       const emptyState = page.locator('text=/no.*found/i, text=/empty/i, text=/loading/i');
    > 81 |       await expect(emptyState.first()).toBeVisible();
         |                                        ^
      82 |     }
      83 |   });
      84 | });
        at /home/kenneth/Code/filmprojects/events/playwright-tests/basic-navigation.spec.ts:81:40

    attachment #1: screenshot (image/png) ──────────────────────────────────────────────────────────
    ../test-results/basic-navigation-Discover-Page-should-display-content-cards-chromium/test-failed-1.png
    ────────────────────────────────────────────────────────────────────────────────────────────────

    attachment #2: video (video/webm) ──────────────────────────────────────────────────────────────
    ../test-results/basic-navigation-Discover-Page-should-display-content-cards-chromium/video.webm
    ────────────────────────────────────────────────────────────────────────────────────────────────

    Error Context: ../test-results/basic-navigation-Discover-Page-should-display-content-cards-chromium/error-context.md
]]>
</failure>
<system-out>
<![CDATA[
[[ATTACHMENT|../test-results/basic-navigation-Discover-Page-should-display-content-cards-chromium/test-failed-1.png]]

[[ATTACHMENT|../test-results/basic-navigation-Discover-Page-should-display-content-cards-chromium/video.webm]]

[[ATTACHMENT|../test-results/basic-navigation-Discover-Page-should-display-content-cards-chromium/error-context.md]]
]]>
</system-out>
</testcase>
<testcase name="Movies Page › should navigate to movies page" classname="basic-navigation.spec.ts" time="9.601">
<failure message="basic-navigation.spec.ts:87:7 should navigate to movies page" type="FAILURE">
<![CDATA[  [chromium] › basic-navigation.spec.ts:87:7 › Movies Page › should navigate to movies page ────────

    Error: expect(locator).toBeVisible() failed

    Locator:  locator('main')
    Expected: visible
    Received: <element(s) not found>
    Timeout:  5000ms

    Call log:
      - Expect "toBeVisible" with timeout 5000ms
      - waiting for locator('main')


      92 |     // Should have main content area
      93 |     const main = page.locator('main');
    > 94 |     await expect(main).toBeVisible();
         |                        ^
      95 |   });
      96 |
      97 |   test('should handle empty state gracefully', async ({ page }) => {
        at /home/kenneth/Code/filmprojects/events/playwright-tests/basic-navigation.spec.ts:94:24

    attachment #1: screenshot (image/png) ──────────────────────────────────────────────────────────
    ../test-results/basic-navigation-Movies-Page-should-navigate-to-movies-page-chromium/test-failed-1.png
    ────────────────────────────────────────────────────────────────────────────────────────────────

    attachment #2: video (video/webm) ──────────────────────────────────────────────────────────────
    ../test-results/basic-navigation-Movies-Page-should-navigate-to-movies-page-chromium/video.webm
    ────────────────────────────────────────────────────────────────────────────────────────────────

    Error Context: ../test-results/basic-navigation-Movies-Page-should-navigate-to-movies-page-chromium/error-context.md
]]>
</failure>
<system-out>
<![CDATA[
[[ATTACHMENT|../test-results/basic-navigation-Movies-Page-should-navigate-to-movies-page-chromium/test-failed-1.png]]

[[ATTACHMENT|../test-results/basic-navigation-Movies-Page-should-navigate-to-movies-page-chromium/video.webm]]

[[ATTACHMENT|../test-results/basic-navigation-Movies-Page-should-navigate-to-movies-page-chromium/error-context.md]]
]]>
</system-out>
</testcase>
<testcase name="Movies Page › should handle empty state gracefully" classname="basic-navigation.spec.ts" time="11.262">
<failure message="basic-navigation.spec.ts:97:7 should handle empty state gracefully" type="FAILURE">
<![CDATA[  [chromium] › basic-navigation.spec.ts:97:7 › Movies Page › should handle empty state gracefully ──

    Error: expect(locator).toBeVisible() failed

    Locator:  locator('text=/no movies/i, text=/empty/i, text=/create/i').first()
    Expected: visible
    Received: <element(s) not found>
    Timeout:  5000ms

    Call log:
      - Expect "toBeVisible" with timeout 5000ms
      - waiting for locator('text=/no movies/i, text=/empty/i, text=/create/i').first()


      107 |       // Should show empty state
      108 |       const emptyMessage = page.locator('text=/no movies/i, text=/empty/i, text=/create/i');
    > 109 |       await expect(emptyMessage.first()).toBeVisible();
          |                                          ^
      110 |     }
      111 |   });
      112 | });
        at /home/kenneth/Code/filmprojects/events/playwright-tests/basic-navigation.spec.ts:109:42

    attachment #1: screenshot (image/png) ──────────────────────────────────────────────────────────
    ../test-results/basic-navigation-Movies-Pa-27f2b-ndle-empty-state-gracefully-chromium/test-failed-1.png
    ────────────────────────────────────────────────────────────────────────────────────────────────

    attachment #2: video (video/webm) ──────────────────────────────────────────────────────────────
    ../test-results/basic-navigation-Movies-Pa-27f2b-ndle-empty-state-gracefully-chromium/video.webm
    ────────────────────────────────────────────────────────────────────────────────────────────────

    Error Context: ../test-results/basic-navigation-Movies-Pa-27f2b-ndle-empty-state-gracefully-chromium/error-context.md
]]>
</failure>
<system-out>
<![CDATA[
[[ATTACHMENT|../test-results/basic-navigation-Movies-Pa-27f2b-ndle-empty-state-gracefully-chromium/test-failed-1.png]]

[[ATTACHMENT|../test-results/basic-navigation-Movies-Pa-27f2b-ndle-empty-state-gracefully-chromium/video.webm]]

[[ATTACHMENT|../test-results/basic-navigation-Movies-Pa-27f2b-ndle-empty-state-gracefully-chromium/error-context.md]]
]]>
</system-out>
</testcase>
<testcase name="Events Page › should navigate to events page" classname="basic-navigation.spec.ts" time="11.597">
<failure message="basic-navigation.spec.ts:115:7 should navigate to events page" type="FAILURE">
<![CDATA[  [chromium] › basic-navigation.spec.ts:115:7 › Events Page › should navigate to events page ───────

    Error: expect(locator).toBeVisible() failed

    Locator:  locator('main')
    Expected: visible
    Received: <element(s) not found>
    Timeout:  5000ms

    Call log:
      - Expect "toBeVisible" with timeout 5000ms
      - waiting for locator('main')


      119 |     
      120 |     const main = page.locator('main');
    > 121 |     await expect(main).toBeVisible();
          |                        ^
      122 |   });
      123 |
      124 |   test('should handle empty state', async ({ page }) => {
        at /home/kenneth/Code/filmprojects/events/playwright-tests/basic-navigation.spec.ts:121:24

    attachment #1: screenshot (image/png) ──────────────────────────────────────────────────────────
    ../test-results/basic-navigation-Events-Page-should-navigate-to-events-page-chromium/test-failed-1.png
    ────────────────────────────────────────────────────────────────────────────────────────────────

    attachment #2: video (video/webm) ──────────────────────────────────────────────────────────────
    ../test-results/basic-navigation-Events-Page-should-navigate-to-events-page-chromium/video.webm
    ────────────────────────────────────────────────────────────────────────────────────────────────

    Error Context: ../test-results/basic-navigation-Events-Page-should-navigate-to-events-page-chromium/error-context.md
]]>
</failure>
<system-out>
<![CDATA[
[[ATTACHMENT|../test-results/basic-navigation-Events-Page-should-navigate-to-events-page-chromium/test-failed-1.png]]

[[ATTACHMENT|../test-results/basic-navigation-Events-Page-should-navigate-to-events-page-chromium/video.webm]]

[[ATTACHMENT|../test-results/basic-navigation-Events-Page-should-navigate-to-events-page-chromium/error-context.md]]
]]>
</system-out>
</testcase>
<testcase name="Events Page › should handle empty state" classname="basic-navigation.spec.ts" time="12.986">
<failure message="basic-navigation.spec.ts:124:7 should handle empty state" type="FAILURE">
<![CDATA[  [chromium] › basic-navigation.spec.ts:124:7 › Events Page › should handle empty state ────────────

    Error: expect(locator).toBeVisible() failed

    Locator:  locator('text=/no events/i, text=/empty/i, text=/create/i').first()
    Expected: visible
    Received: <element(s) not found>
    Timeout:  5000ms

    Call log:
      - Expect "toBeVisible" with timeout 5000ms
      - waiting for locator('text=/no events/i, text=/empty/i, text=/create/i').first()


      131 |     if (!hasEvents) {
      132 |       const emptyMessage = page.locator('text=/no events/i, text=/empty/i, text=/create/i');
    > 133 |       await expect(emptyMessage.first()).toBeVisible();
          |                                          ^
      134 |     }
      135 |   });
      136 | });
        at /home/kenneth/Code/filmprojects/events/playwright-tests/basic-navigation.spec.ts:133:42

    attachment #1: screenshot (image/png) ──────────────────────────────────────────────────────────
    ../test-results/basic-navigation-Events-Page-should-handle-empty-state-chromium/test-failed-1.png
    ────────────────────────────────────────────────────────────────────────────────────────────────

    attachment #2: video (video/webm) ──────────────────────────────────────────────────────────────
    ../test-results/basic-navigation-Events-Page-should-handle-empty-state-chromium/video.webm
    ────────────────────────────────────────────────────────────────────────────────────────────────

    Error Context: ../test-results/basic-navigation-Events-Page-should-handle-empty-state-chromium/error-context.md
]]>
</failure>
<system-out>
<![CDATA[
[[ATTACHMENT|../test-results/basic-navigation-Events-Page-should-handle-empty-state-chromium/test-failed-1.png]]

[[ATTACHMENT|../test-results/basic-navigation-Events-Page-should-handle-empty-state-chromium/video.webm]]

[[ATTACHMENT|../test-results/basic-navigation-Events-Page-should-handle-empty-state-chromium/error-context.md]]
]]>
</system-out>
</testcase>
<testcase name="Screenplays Page › should navigate to screenplays page" classname="basic-navigation.spec.ts" time="9.95">
<failure message="basic-navigation.spec.ts:139:7 should navigate to screenplays page" type="FAILURE">
<![CDATA[  [chromium] › basic-navigation.spec.ts:139:7 › Screenplays Page › should navigate to screenplays page 

    Error: expect(locator).toBeVisible() failed

    Locator:  locator('main')
    Expected: visible
    Received: <element(s) not found>
    Timeout:  5000ms

    Call log:
      - Expect "toBeVisible" with timeout 5000ms
      - waiting for locator('main')


      143 |     
      144 |     const main = page.locator('main');
    > 145 |     await expect(main).toBeVisible();
          |                        ^
      146 |   });
      147 |
      148 |   test('should handle empty state', async ({ page }) => {
        at /home/kenneth/Code/filmprojects/events/playwright-tests/basic-navigation.spec.ts:145:24

    attachment #1: screenshot (image/png) ──────────────────────────────────────────────────────────
    ../test-results/basic-navigation-Screenpla-5debe-avigate-to-screenplays-page-chromium/test-failed-1.png
    ────────────────────────────────────────────────────────────────────────────────────────────────

    attachment #2: video (video/webm) ──────────────────────────────────────────────────────────────
    ../test-results/basic-navigation-Screenpla-5debe-avigate-to-screenplays-page-chromium/video.webm
    ────────────────────────────────────────────────────────────────────────────────────────────────

    Error Context: ../test-results/basic-navigation-Screenpla-5debe-avigate-to-screenplays-page-chromium/error-context.md
]]>
</failure>
<system-out>
<![CDATA[
[[ATTACHMENT|../test-results/basic-navigation-Screenpla-5debe-avigate-to-screenplays-page-chromium/test-failed-1.png]]

[[ATTACHMENT|../test-results/basic-navigation-Screenpla-5debe-avigate-to-screenplays-page-chromium/video.webm]]

[[ATTACHMENT|../test-results/basic-navigation-Screenpla-5debe-avigate-to-screenplays-page-chromium/error-context.md]]
]]>
</system-out>
</testcase>
<testcase name="Screenplays Page › should handle empty state" classname="basic-navigation.spec.ts" time="11.597">
<failure message="basic-navigation.spec.ts:148:7 should handle empty state" type="FAILURE">
<![CDATA[  [chromium] › basic-navigation.spec.ts:148:7 › Screenplays Page › should handle empty state ───────

    Error: expect(locator).toBeVisible() failed

    Locator:  locator('text=/no screenplays/i, text=/empty/i, text=/upload/i').first()
    Expected: visible
    Received: <element(s) not found>
    Timeout:  5000ms

    Call log:
      - Expect "toBeVisible" with timeout 5000ms
      - waiting for locator('text=/no screenplays/i, text=/empty/i, text=/upload/i').first()


      155 |     if (!hasScreenplays) {
      156 |       const emptyMessage = page.locator('text=/no screenplays/i, text=/empty/i, text=/upload/i');
    > 157 |       await expect(emptyMessage.first()).toBeVisible();
          |                                          ^
      158 |     }
      159 |   });
      160 | });
        at /home/kenneth/Code/filmprojects/events/playwright-tests/basic-navigation.spec.ts:157:42

    attachment #1: screenshot (image/png) ──────────────────────────────────────────────────────────
    ../test-results/basic-navigation-Screenplays-Page-should-handle-empty-state-chromium/test-failed-1.png
    ────────────────────────────────────────────────────────────────────────────────────────────────

    attachment #2: video (video/webm) ──────────────────────────────────────────────────────────────
    ../test-results/basic-navigation-Screenplays-Page-should-handle-empty-state-chromium/video.webm
    ────────────────────────────────────────────────────────────────────────────────────────────────

    Error Context: ../test-results/basic-navigation-Screenplays-Page-should-handle-empty-state-chromium/error-context.md
]]>
</failure>
<system-out>
<![CDATA[
[[ATTACHMENT|../test-results/basic-navigation-Screenplays-Page-should-handle-empty-state-chromium/test-failed-1.png]]

[[ATTACHMENT|../test-results/basic-navigation-Screenplays-Page-should-handle-empty-state-chromium/video.webm]]

[[ATTACHMENT|../test-results/basic-navigation-Screenplays-Page-should-handle-empty-state-chromium/error-context.md]]
]]>
</system-out>
</testcase>
</testsuite>
</testsuites>